Log4j initilized
URL is opened
entered username
entered password
Log4j initilized
URL is opened
entered username
entered password
Log4j initilized
URL is opened
forgot password diplayed
URL is opened
URL is opened
URL is opened
URL is opened
Log4j initilized
URL is opened
entered username
entered password
Log4j initilized
URL is opened
forgot password diplayed
URL is opened
URL is opened
entered username
entered password
URL is opened
username entered
password entered
rememberMe button clicked
login button clicked
clicking dropdown
URL is opened
Wrong username
Wrong password
Log4j initilized
URL is opened
forgot password diplayed
URL is opened
URL is opened
entered username
entered password
URL is opened
username entered
password entered
rememberMe button clicked
login button clicked
clicking dropdown
URL is opened
Wrong username
Wrong password
Log4j initilized
URL is opened
forgot password diplayed
URL is opened
URL is opened
entered username
entered password
URL is opened
username entered
password entered
rememberMe button clicked
login button clicked
clicking dropdown
URL is opened
Wrong username
Wrong password
Log4j initilized
URL is opened
forgot password diplayed
URL is opened
URL is opened
entered username
entered password
URL is opened
username entered
password entered
rememberMe button clicked
login button clicked
clicking dropdown
URL is opened
Wrong username
Wrong password
Log4j initilized
URL is opened
forgot password diplayed
URL is opened
URL is opened
entered username
entered password
URL is opened
username entered
password entered
rememberMe button clicked
login button clicked
clicking dropdown
URL is opened
Wrong username
Wrong password
Log4j initilized
URL is opened
forgot password diplayed
URL is opened
URL is opened
entered username
entered password
URL is opened
username entered
password entered
rememberMe button clicked
login button clicked
clicking dropdown
URL is opened
Wrong username
Wrong password
Log4j initilized
Log4j initilized
URL is opened
forgot password diplayed
URL is opened
URL is opened
entered username
entered password
URL is opened
username entered
password entered
rememberMe button clicked
login button clicked
clicking dropdown
URL is opened
Wrong username
Wrong password
Log4j initilized
URL is opened
forgot password diplayed
URL is opened
URL is opened
entered username
entered password
URL is opened
username entered
password entered
rememberMe button clicked
login button clicked
clicking dropdown
URL is opened
Wrong username
Wrong password
Log4j initilized
URL is opened
forgot password diplayed
URL is opened
URL is opened
entered username
entered password
URL is opened
username entered
password entered
rememberMe button clicked
login button clicked
clicking dropdown
URL is opened
Wrong username
Wrong password
Log4j initilized
URL is opened
forgot password diplayed
URL is opened
URL is opened
entered username
entered password
URL is opened
username entered
password entered
rememberMe button clicked
login button clicked
clicking dropdown
URL is opened
Wrong username
Wrong password
Log4j initilized
URL is opened
forgot password diplayed
URL is opened
URL is opened
entered username
entered password
URL is opened
username entered
password entered
rememberMe button clicked
login button clicked
clicking dropdown
URL is opened
Wrong username
Wrong password
Log4j initilized
URL is opened
forgot password diplayed
URL is opened
URL is opened
entered username
entered password
URL is opened
username entered
password entered
rememberMe button clicked
login button clicked
clicking dropdown
URL is opened
Wrong username
Wrong password
Log4j initilized
URL is opened
forgot password diplayed
URL is opened
URL is opened
entered username
entered password
URL is opened
username entered
password entered
rememberMe button clicked
login button clicked
clicking dropdown
URL is opened
Wrong username
Wrong password
Log4j initilized
URL is opened
forgot password diplayed
URL is opened
URL is opened
entered username
entered password
URL is opened
username entered
password entered
rememberMe button clicked
login button clicked
clicking dropdown
URL is opened
Wrong username
Wrong password
Log4j initilized
URL is opened
forgot password diplayed
URL is opened
URL is opened
entered username
entered password
URL is opened
username entered
password entered
rememberMe button clicked
login button clicked
clicking dropdown
URL is opened
Wrong username
Wrong password
Log4j initilized
Log4j initilized
Log4j initilized
URL is opened
forgot password diplayed
URL is opened
URL is opened
entered username
entered password
URL is opened
username entered
password entered
rememberMe button clicked
login button clicked
clicking dropdown
URL is opened
Wrong username
Wrong password
Log4j initilized
URL is opened
forgot password diplayed
URL is opened
URL is opened
entered username
entered password
URL is opened
username entered
password entered
rememberMe button clicked
login button clicked
clicking dropdown
URL is opened
Wrong username
Wrong password
URL is opened
dropdown diplayed
URL is opened
URL is opened
URL is opened
URL is opened
URL is opened
Log4j initilized
URL is opened
forgot password diplayed
URL is opened
URL is opened
entered username
entered password
URL is opened
username entered
password entered
rememberMe button clicked
login button clicked
clicking dropdown
URL is opened
Wrong username
Wrong password
URL is opened
dropdown diplayed
URL is opened
URL is opened
URL is opened
URL is opened
URL is opened
Log4j initilized
URL is opened
forgot password diplayed
URL is opened
URL is opened
entered username
entered password
URL is opened
username entered
password entered
rememberMe button clicked
login button clicked
clicking dropdown
URL is opened
Wrong username
Wrong password
Log4j initilized
URL is opened
entered username
entered password
URL is opened
URL is opened
username entered
password entered
rememberMe button clicked
login button clicked
clicking dropdown
URL is opened
forgot password diplayed
URL is opened
Wrong username
Wrong password
Log4j initilized
URL is opened
entered username
entered password
LoginTest - Run completed
URL is opened
URL is opened
username entered
password entered
rememberMe button clicked
login button clicked
clicking dropdown
URL is opened
forgot password diplayed
URL is opened
Wrong username
Wrong password
Log4j initilized
URL is opened
entered username
entered password
LoginTest - Run completed
URL is opened
URL is opened
username entered
password entered
rememberMe button clicked
login button clicked
clicking dropdown
URL is opened
forgot password diplayed
URL is opened
Wrong username
Wrong password
Log4j initilized
URL is opened
entered username
entered password
LoginTest - Run completed
URL is opened
URL is opened
username entered
password entered
rememberMe button clicked
login button clicked
clicking dropdown
URL is opened
forgot password diplayed
URL is opened
Wrong username
Wrong password
Log4j initilized
URL is opened
entered username
entered password
LoginTest - Run completed
URL is opened
URL is opened
username entered
password entered
rememberMe button clicked
login button clicked
clicking dropdown
URL is opened
forgot password diplayed
URL is opened
Wrong username
Wrong password
Log4j initilized
URL is opened
entered username
entered password
LoginTest - Run completed
URL is opened
URL is opened
username entered
password entered
rememberMe button clicked
login button clicked
clicking dropdown
URL is opened
forgot password diplayed
URL is opened
Wrong username
Wrong password
Log4j initilized
URL is opened
entered username
entered password
LoginTest - Run completed
URL is opened
URL is opened
username entered
password entered
rememberMe button clicked
login button clicked
clicking dropdown
URL is opened
forgot password diplayed
URL is opened
Wrong username
Wrong password
URL is opened
dropdown diplayed
URL is opened
URL is opened
URL is opened
URL is opened
URL is opened
Log4j initilized
URL is opened
entered username
entered password
LoginTest - Run completed
URL is opened
URL is opened
username entered
password entered
rememberMe button clicked
login button clicked
clicking dropdown
URL is opened
forgot password diplayed
URL is opened
Wrong username
Wrong password
Log4j initilized
URL is opened
entered username
entered password
LoginTest - Run completed
URL is opened
URL is opened
username entered
password entered
rememberMe button clicked
login button clicked
clicking dropdown
URL is opened
forgot password diplayed
URL is opened
Wrong username
Wrong password
URL is opened
dropdown diplayed
URL is opened
URL is opened
URL is opened
URL is opened
URL is opened
